<?xml version="1.0" encoding="UTF-8"?>
<!-- Generated by org.testng.reporters.JUnitXMLReporter -->
<testsuite ignored="2" hostname="Danish" failures="0" tests="1" name="Test" time="45.645" errors="0" timestamp="2025-01-31T14:43:41 IST">
  <testcase classname="testCases.TC001_RegistrationCheck" name="verify_account_registration" time="3.531"/>
  <testcase classname="testCases.TC003_DataDrivenLoginCheck" name="loginCheck" time="0.0">
    <ignored/>
  </testcase> <!-- loginCheck -->
  <testcase classname="testCases.TC002_LoginCheck" name="loginCheck" time="0.0">
    <ignored/>
  </testcase> <!-- loginCheck -->
</testsuite> <!-- Test -->
