<?xml version="1.0" encoding="UTF-8"?>
<testng-results ignored="0" total="3" passed="3" failed="0" skipped="0">
  <reporter-output>
  </reporter-output>
  <suite started-at="2025-02-05T17:33:45 IST" name="Suite" finished-at="2025-02-05T17:34:05 IST" duration-ms="20179">
    <groups>
      <group name="sanity">
        <method signature="TC001_RegistrationCheck.verify_account_registration()[pri:0, instance:testCases.TC001_RegistrationCheck@79924b]" name="verify_account_registration" class="testCases.TC001_RegistrationCheck"/>
        <method signature="TC004_VerifyMacProductSuccess_AddToCart.verifyMacAddToCart()[pri:0, instance:testCases.TC004_VerifyMacProductSuccess_AddToCart@12468a38]" name="verifyMacAddToCart" class="testCases.TC004_VerifyMacProductSuccess_AddToCart"/>
        <method signature="TC005_Register_Login.testcaseRegister_login()[pri:0, instance:testCases.TC005_Register_Login@1aa7ecca]" name="testcaseRegister_login" class="testCases.TC005_Register_Login"/>
      </group> <!-- sanity -->
      <group name="master">
        <method signature="TC001_RegistrationCheck.verify_account_registration()[pri:0, instance:testCases.TC001_RegistrationCheck@79924b]" name="verify_account_registration" class="testCases.TC001_RegistrationCheck"/>
        <method signature="TC005_Register_Login.testcaseRegister_login()[pri:0, instance:testCases.TC005_Register_Login@1aa7ecca]" name="testcaseRegister_login" class="testCases.TC005_Register_Login"/>
      </group> <!-- master -->
    </groups>
    <test started-at="2025-02-05T17:33:45 IST" name="Test" finished-at="2025-02-05T17:34:05 IST" duration-ms="20179">
      <class name="testCases.TC004_VerifyMacProductSuccess_AddToCart">
        <test-method is-config="true" signature="setup(java.lang.String,java.lang.String,java.lang.String)[pri:0, instance:testCases.TC004_VerifyMacProductSuccess_AddToCart@12468a38]" started-at="2025-02-05T17:33:53 IST" name="setup" finished-at="2025-02-05T17:33:55 IST" duration-ms="2836" status="PASS">
          <params>
            <param index="0">
              <value>
                <![CDATA[windows]]>
              </value>
            </param>
            <param index="1">
              <value>
                <![CDATA[chrome]]>
              </value>
            </param>
            <param index="2">
              <value>
                <![CDATA[local]]>
              </value>
            </param>
          </params>
          <reporter-output>
          </reporter-output>
        </test-method> <!-- setup -->
        <test-method signature="verifyMacAddToCart()[pri:0, instance:testCases.TC004_VerifyMacProductSuccess_AddToCart@12468a38]" started-at="2025-02-05T17:33:55 IST" name="verifyMacAddToCart" finished-at="2025-02-05T17:33:56 IST" duration-ms="1064" status="PASS">
          <reporter-output>
          </reporter-output>
        </test-method> <!-- verifyMacAddToCart -->
        <test-method is-config="true" signature="teardown()[pri:0, instance:testCases.TC004_VerifyMacProductSuccess_AddToCart@12468a38]" started-at="2025-02-05T17:33:56 IST" name="teardown" finished-at="2025-02-05T17:33:57 IST" duration-ms="238" status="PASS">
          <reporter-output>
          </reporter-output>
        </test-method> <!-- teardown -->
      </class> <!-- testCases.TC004_VerifyMacProductSuccess_AddToCart -->
      <class name="testCases.TC005_Register_Login">
        <test-method is-config="true" signature="setup(java.lang.String,java.lang.String,java.lang.String)[pri:0, instance:testCases.TC005_Register_Login@1aa7ecca]" started-at="2025-02-05T17:33:57 IST" name="setup" finished-at="2025-02-05T17:33:59 IST" duration-ms="2793" status="PASS">
          <params>
            <param index="0">
              <value>
                <![CDATA[windows]]>
              </value>
            </param>
            <param index="1">
              <value>
                <![CDATA[chrome]]>
              </value>
            </param>
            <param index="2">
              <value>
                <![CDATA[local]]>
              </value>
            </param>
          </params>
          <reporter-output>
          </reporter-output>
        </test-method> <!-- setup -->
        <test-method signature="testcaseRegister_login()[pri:0, instance:testCases.TC005_Register_Login@1aa7ecca]" started-at="2025-02-05T17:33:59 IST" name="testcaseRegister_login" finished-at="2025-02-05T17:34:05 IST" duration-ms="5541" status="PASS">
          <reporter-output>
          </reporter-output>
        </test-method> <!-- testcaseRegister_login -->
        <test-method is-config="true" signature="teardown()[pri:0, instance:testCases.TC005_Register_Login@1aa7ecca]" started-at="2025-02-05T17:34:05 IST" name="teardown" finished-at="2025-02-05T17:34:05 IST" duration-ms="299" status="PASS">
          <reporter-output>
          </reporter-output>
        </test-method> <!-- teardown -->
      </class> <!-- testCases.TC005_Register_Login -->
      <class name="testCases.TC001_RegistrationCheck">
        <test-method is-config="true" signature="setup(java.lang.String,java.lang.String,java.lang.String)[pri:0, instance:testCases.TC001_RegistrationCheck@79924b]" started-at="2025-02-05T17:33:45 IST" name="setup" finished-at="2025-02-05T17:33:50 IST" duration-ms="4053" status="PASS">
          <params>
            <param index="0">
              <value>
                <![CDATA[windows]]>
              </value>
            </param>
            <param index="1">
              <value>
                <![CDATA[chrome]]>
              </value>
            </param>
            <param index="2">
              <value>
                <![CDATA[local]]>
              </value>
            </param>
          </params>
          <reporter-output>
          </reporter-output>
        </test-method> <!-- setup -->
        <test-method signature="verify_account_registration()[pri:0, instance:testCases.TC001_RegistrationCheck@79924b]" started-at="2025-02-05T17:33:50 IST" name="verify_account_registration" finished-at="2025-02-05T17:33:52 IST" duration-ms="2678" status="PASS">
          <reporter-output>
          </reporter-output>
        </test-method> <!-- verify_account_registration -->
        <test-method is-config="true" signature="teardown()[pri:0, instance:testCases.TC001_RegistrationCheck@79924b]" started-at="2025-02-05T17:33:52 IST" name="teardown" finished-at="2025-02-05T17:33:53 IST" duration-ms="297" status="PASS">
          <reporter-output>
          </reporter-output>
        </test-method> <!-- teardown -->
      </class> <!-- testCases.TC001_RegistrationCheck -->
    </test> <!-- Test -->
  </suite> <!-- Suite -->
</testng-results>
