<?xml version="1.0" encoding="UTF-8"?>
<testng-results ignored="0" total="1" passed="1" failed="0" skipped="0">
  <reporter-output>
  </reporter-output>
  <suite started-at="2025-01-31T14:42:55 IST" name="Suite" finished-at="2025-01-31T14:43:40 IST" duration-ms="45645">
    <groups>
      <group name="sanity">
        <method signature="TC001_RegistrationCheck.verify_account_registration()[pri:0, instance:testCases.TC001_RegistrationCheck@6b927fb]" name="verify_account_registration" class="testCases.TC001_RegistrationCheck"/>
      </group> <!-- sanity -->
      <group name="master">
        <method signature="TC001_RegistrationCheck.verify_account_registration()[pri:0, instance:testCases.TC001_RegistrationCheck@6b927fb]" name="verify_account_registration" class="testCases.TC001_RegistrationCheck"/>
      </group> <!-- master -->
    </groups>
    <test started-at="2025-01-31T14:42:55 IST" name="Test" finished-at="2025-01-31T14:43:40 IST" duration-ms="45645">
      <class name="testCases.TC001_RegistrationCheck">
        <test-method is-config="true" signature="setup(java.lang.String,java.lang.String,java.lang.String)[pri:0, instance:testCases.TC001_RegistrationCheck@6b927fb]" started-at="2025-01-31T14:42:55 IST" name="setup" finished-at="2025-01-31T14:43:36 IST" duration-ms="41326" status="PASS">
          <params>
            <param index="0">
              <value>
                <![CDATA[windows]]>
              </value>
            </param>
            <param index="1">
              <value>
                <![CDATA[chrome]]>
              </value>
            </param>
            <param index="2">
              <value>
                <![CDATA[local]]>
              </value>
            </param>
          </params>
          <reporter-output>
          </reporter-output>
        </test-method> <!-- setup -->
        <test-method signature="verify_account_registration()[pri:0, instance:testCases.TC001_RegistrationCheck@6b927fb]" started-at="2025-01-31T14:43:36 IST" name="verify_account_registration" finished-at="2025-01-31T14:43:40 IST" duration-ms="3531" status="PASS">
          <reporter-output>
          </reporter-output>
        </test-method> <!-- verify_account_registration -->
        <test-method is-config="true" signature="teardown()[pri:0, instance:testCases.TC001_RegistrationCheck@6b927fb]" started-at="2025-01-31T14:43:40 IST" name="teardown" finished-at="2025-01-31T14:43:40 IST" duration-ms="265" status="PASS">
          <reporter-output>
          </reporter-output>
        </test-method> <!-- teardown -->
      </class> <!-- testCases.TC001_RegistrationCheck -->
    </test> <!-- Test -->
  </suite> <!-- Suite -->
</testng-results>
